<?xml version="1.0" encoding="UTF-8"?>
<!-- Generated by org.testng.reporters.JUnitReportReporter -->
<testsuite hostname="DESKTOP-SIK9TSA" failures="0" tests="2" name="test.Search" time="18.450" errors="0" timestamp="2020-05-08T17:33:12 IST" skipped="0">
  <testcase classname="test.Search" name="searchGoogle" time="9.483"/>
  <system-out/>
  <testcase classname="test.Search" name="searchGoogle" time="8.967"/>
  <system-out/>
</testsuite> <!-- test.Search -->
