<?xml version="1.0" encoding="UTF-8"?>
<!-- Generated by org.testng.reporters.JUnitReportReporter -->
<testsuite hostname="DESKTOP-SIK9TSA" failures="0" tests="3" name="enableDisable.FirstTest" time="0.016" errors="0" timestamp="2020-05-11T16:29:54 IST" skipped="1">
  <testcase classname="enableDisable.FirstTest" name="test2" time="0.014"/>
  <system-out/>
  <testcase classname="enableDisable.FirstTest" name="test3" time="0.002"/>
  <system-out/>
  <testcase classname="enableDisable.FirstTest" name="test1">
    <skipped/>
  </testcase> <!-- test1 -->
  <system-out/>
</testsuite> <!-- enableDisable.FirstTest -->
