<?xml version="1.0" encoding="UTF-8"?>
<!-- Generated by org.testng.reporters.JUnitReportReporter -->
<testsuite hostname="DESKTOP-SIK9TSA" failures="0" tests="1" name="test.NewTest" time="0.011" errors="0" timestamp="2020-05-08T15:40:26 IST" skipped="0">
  <testcase classname="test.NewTest" name="f" time="0.011"/>
  <system-out/>
</testsuite> <!-- test.NewTest -->
