<?xml version="1.0" encoding="UTF-8"?>
<!-- Generated by org.testng.reporters.JUnitReportReporter -->
<testsuite hostname="DESKTOP-SIK9TSA" failures="0" tests="2" name="incudeExclude.IncludeExclude" time="0.016" errors="0" timestamp="2020-05-11T16:32:08 IST" skipped="0">
  <testcase classname="incudeExclude.IncludeExclude" name="test3" time="0.003"/>
  <system-out/>
  <testcase classname="incudeExclude.IncludeExclude" name="test2" time="0.013"/>
  <system-out/>
</testsuite> <!-- incudeExclude.IncludeExclude -->
